Using pre-set license
Built from '2021.2/release' branch; Version is '2021.2.0b14 (bf4dfffaa8cd) revision 12537343'; Using compiler version '192829333'; Build Type 'Release'
OS: 'Windows 10 Pro; OS build 22471.1000; Version 2009; 64bit' Language: 'de' Physical Memory: 16260 MB
BatchMode: 1, IsHumanControllingUs: 0, StartBugReporterOnCrash: 0, Is64bit: 1, IsPro: 0

COMMAND LINE ARGUMENTS:
C:\Program Files\Unity\Hub\Editor\2021.2.0b14\Editor\Unity.exe
-adb2
-batchMode
-noUpm
-name
AssetImportWorker1
-projectPath
C:/dev/Polandcrawl
-logFile
Logs/AssetImportWorker1.log
-srvPort
50551
Successfully changed project path to: C:/dev/Polandcrawl
C:/dev/Polandcrawl
[UnityMemory] Configuration Parameters - Can be set up in boot.config
    "memorysetup-bucket-allocator-granularity=16"
    "memorysetup-bucket-allocator-bucket-count=8"
    "memorysetup-bucket-allocator-block-size=33554432"
    "memorysetup-bucket-allocator-block-count=8"
    "memorysetup-main-allocator-block-size=16777216"
    "memorysetup-thread-allocator-block-size=16777216"
    "memorysetup-gfx-main-allocator-block-size=16777216"
    "memorysetup-gfx-thread-allocator-block-size=16777216"
    "memorysetup-cache-allocator-block-size=4194304"
    "memorysetup-typetree-allocator-block-size=2097152"
    "memorysetup-profiler-bucket-allocator-granularity=16"
    "memorysetup-profiler-bucket-allocator-bucket-count=8"
    "memorysetup-profiler-bucket-allocator-block-size=33554432"
    "memorysetup-profiler-bucket-allocator-block-count=8"
    "memorysetup-profiler-allocator-block-size=16777216"
    "memorysetup-profiler-editor-allocator-block-size=1048576"
    "memorysetup-temp-allocator-size-main=16777216"
    "memorysetup-job-temp-allocator-block-size=2097152"
    "memorysetup-job-temp-allocator-block-size-background=1048576"
    "memorysetup-job-temp-allocator-reduction-small-platforms=262144"
    "memorysetup-temp-allocator-size-background-worker=32768"
    "memorysetup-temp-allocator-size-job-worker=262144"
    "memorysetup-temp-allocator-size-preload-manager=33554432"
    "memorysetup-temp-allocator-size-nav-mesh-worker=65536"
    "memorysetup-temp-allocator-size-audio-worker=65536"
    "memorysetup-temp-allocator-size-cloud-worker=32768"
    "memorysetup-temp-allocator-size-gi-baking-worker=262144"
    "memorysetup-temp-allocator-size-gfx=262144"
Refreshing native plugins compatible for Editor in 121.02 ms, found 3 plugins.
Preloading 0 native plugins for Editor in 0.00 ms.
Initialize engine version: 2021.2.0b14 (bf4dfffaa8cd)
[Subsystems] Discovering subsystems at path C:/Program Files/Unity/Hub/Editor/2021.2.0b14/Editor/Data/Resources/UnitySubsystems
[Subsystems] Discovering subsystems at path C:/dev/Polandcrawl/Assets
GfxDevice: creating device client; threaded=0; jobified=0
Direct3D:
    Version:  Direct3D 11.0 [level 11.1]
    Renderer: NVIDIA GeForce GTX 1070 (ID=0x1be1)
    Vendor:   NVIDIA
    VRAM:     8082 MB
    Driver:   30.0.14.7212
Initialize mono
Mono path[0] = 'C:/Program Files/Unity/Hub/Editor/2021.2.0b14/Editor/Data/Managed'
Mono path[1] = 'C:/Program Files/Unity/Hub/Editor/2021.2.0b14/Editor/Data/MonoBleedingEdge/lib/mono/unityjit-win32'
Mono config path = 'C:/Program Files/Unity/Hub/Editor/2021.2.0b14/Editor/Data/MonoBleedingEdge/etc'
Using monoOptions --debugger-agent=transport=dt_socket,embedding=1,server=y,suspend=n,address=127.0.0.1:56252
Begin MonoManager ReloadAssembly
Registering precompiled unity dll's ...
Register platform support module: C:/Program Files/Unity/Hub/Editor/2021.2.0b14/Editor/Data/PlaybackEngines/WindowsStandaloneSupport/UnityEditor.WindowsStandalone.Extensions.dll
Registered in 0.011939 seconds.
Native extension for WindowsStandalone target not found
Refreshing native plugins compatible for Editor in 120.52 ms, found 3 plugins.
Preloading 0 native plugins for Editor in 0.00 ms.
Mono: successfully reloaded assembly
- Completed reload, in  1.833 seconds
Domain Reload Profiling:
	ReloadAssembly (1885ms)
		BeginReloadAssembly (188ms)
			ExecutionOrderSort (0ms)
			DisableScriptedObjects (0ms)
			BackupInstance (0ms)
			ReleaseScriptingObjects (0ms)
			CreateAndSetChildDomain (1ms)
		EndReloadAssembly (953ms)
			LoadAssemblies (184ms)
			RebuildTransferFunctionScriptingTraits (0ms)
			SetupTypeCache (348ms)
			ReleaseScriptCaches (0ms)
			RebuildScriptCaches (49ms)
			SetupLoadedEditorAssemblies (415ms)
				LogAssemblyErrors (0ms)
				InitializePlatformSupportModulesInManaged (12ms)
				SetLoadedEditorAssemblies (1ms)
				RefreshPlugins (121ms)
				BeforeProcessingInitializeOnLoad (2ms)
				ProcessInitializeOnLoadAttributes (195ms)
				ProcessInitializeOnLoadMethodAttributes (84ms)
				AfterProcessingInitializeOnLoad (0ms)
				EditorAssembliesLoaded (0ms)
			ExecutionOrderSort2 (0ms)
			AwakeInstancesAfterBackupRestoration (0ms)
Platform modules already initialized, skipping
Registering precompiled user dll's ...
Registered in 0.006783 seconds.
Begin MonoManager ReloadAssembly
Symbol file LoadedFromMemory doesn't match image C:\dev\Polandcrawl\Library\PackageCache\com.unity.visualscripting@1.7.2\Editor\VisualScripting.Core\Dependencies\YamlDotNet\Unity.VisualScripting.YamlDotNet.dll
Symbol file LoadedFromMemory doesn't match image C:\dev\Polandcrawl\Library\PackageCache\com.unity.visualscripting@1.7.2\Editor\VisualScripting.Core\Dependencies\DotNetZip\Unity.VisualScripting.IonicZip.dll
Native extension for WindowsStandalone target not found
Refreshing native plugins compatible for Editor in 1.17 ms, found 3 plugins.
Preloading 0 native plugins for Editor in 0.00 ms.
Mono: successfully reloaded assembly
- Completed reload, in  2.596 seconds
Domain Reload Profiling:
	ReloadAssembly (2701ms)
		BeginReloadAssembly (326ms)
			ExecutionOrderSort (0ms)
			DisableScriptedObjects (11ms)
			BackupInstance (0ms)
			ReleaseScriptingObjects (0ms)
			CreateAndSetChildDomain (37ms)
		EndReloadAssembly (2163ms)
			LoadAssemblies (141ms)
			RebuildTransferFunctionScriptingTraits (0ms)
			SetupTypeCache (900ms)
			ReleaseScriptCaches (1ms)
			RebuildScriptCaches (104ms)
			SetupLoadedEditorAssemblies (718ms)
				LogAssemblyErrors (0ms)
				InitializePlatformSupportModulesInManaged (33ms)
				SetLoadedEditorAssemblies (1ms)
				RefreshPlugins (1ms)
				BeforeProcessingInitializeOnLoad (145ms)
				ProcessInitializeOnLoadAttributes (486ms)
				ProcessInitializeOnLoadMethodAttributes (37ms)
				AfterProcessingInitializeOnLoad (15ms)
				EditorAssembliesLoaded (0ms)
			ExecutionOrderSort2 (0ms)
			AwakeInstancesAfterBackupRestoration (18ms)
Platform modules already initialized, skipping
========================================================================
Worker process is ready to serve import requests
Launched and connected shader compiler UnityShaderCompiler.exe after 0.13 seconds
Refreshing native plugins compatible for Editor in 1.35 ms, found 3 plugins.
Preloading 0 native plugins for Editor in 0.00 ms.
Unloading 3036 Unused Serialized files (Serialized files now loaded: 0)
Unloading 20 unused Assets / (55.4 KB). Loaded Objects now: 3497.
Memory consumption went from 111.2 MB to 111.1 MB.
Total: 8.913500 ms (FindLiveObjects: 0.467900 ms CreateObjectMapping: 0.386600 ms MarkObjects: 7.937500 ms  DeleteObjects: 0.119700 ms)

AssetImportParameters requested are different than current active one (requested -> active):
  custom:framework-win-MediaFoundation: 216162199b28c13a410421893ffa2e32 -> 
  custom:video-decoder-ogg-theora: a1e56fd34408186e4bbccfd4996cb3dc -> 
  custom:container-muxer-webm: aa71ff27fc2769a1b78a27578f13a17b -> 
  custom:container-demuxer-webm: 4f35f7cbe854078d1ac9338744f61a02 -> 
  custom:video-encoder-webm-vp8: eb34c28f22e8b96e1ab97ce403110664 -> 
  custom:video-codec-MediaFoundation-h265: 746d11721c4dcdbdad8f713fa42b33f4 -> 
  custom:container-demuxer-ogg: 62fdf1f143b41e24485cea50d1cbac27 -> 
  custom:audio-decoder-ogg-vorbis: bf7c407c2cedff20999df2af8eb42d56 -> 
  custom:video-decoder-webm-vp8: 9c59270c3fd7afecdb556c50c9e8de78 -> 
  custom:audio-encoder-webm-vorbis: bf7c407c2cedff20999df2af8eb42d56 -> 
========================================================================
Received Import Request.
  Time since last request: 12607.280557 seconds.
  path: Assets/Light2D/ReadMe.pdf
  artifactKey: Guid(f63869ec7b4fe574aac9960f59b469df) Importer(2089858483,934ff659095e30574adcf32a4c2f97b5)
Start importing Assets/Light2D/ReadMe.pdf using Guid(f63869ec7b4fe574aac9960f59b469df) Importer(2089858483,934ff659095e30574adcf32a4c2f97b5) Generated GUIDs only implemented for interfaces!
 -> (artifact id: '790810fb14b1c6ce86fdc1018b6746fe') in 0.157772 seconds 
========================================================================
Received Import Request.
  Time since last request: 0.000023 seconds.
  path: Assets/Scripts/Interface/DamageText.cs
  artifactKey: Guid(03e28c87af1fa4041a1b82d5498f2ea0) Importer(2089858483,934ff659095e30574adcf32a4c2f97b5)
Start importing Assets/Scripts/Interface/DamageText.cs using Guid(03e28c87af1fa4041a1b82d5498f2ea0) Importer(2089858483,934ff659095e30574adcf32a4c2f97b5) Generated GUIDs only implemented for interfaces!
 -> (artifact id: '5c2cd21151d88bac1b01c207227284b6') in 0.019876 seconds 
========================================================================
Received Import Request.
  Time since last request: 0.000020 seconds.
  path: Assets/Necromancer GUI/controls/singleQuotes.tga
  artifactKey: Guid(b967abd3473f2664a8da5cb37aab0faf) Importer(2089858483,934ff659095e30574adcf32a4c2f97b5)
Start importing Assets/Necromancer GUI/controls/singleQuotes.tga using Guid(b967abd3473f2664a8da5cb37aab0faf) Importer(2089858483,934ff659095e30574adcf32a4c2f97b5) Generated GUIDs only implemented for interfaces!
 -> (artifact id: '6e579ab25e91a997524af23fca18ed33') in 0.015032 seconds 
========================================================================
Received Import Request.
  Time since last request: 0.000072 seconds.
  path: Assets/Materials/TransparentRed.mat
  artifactKey: Guid(b4a19193e41e8504f85f40baf7688edb) Importer(2089858483,934ff659095e30574adcf32a4c2f97b5)
Start importing Assets/Materials/TransparentRed.mat using Guid(b4a19193e41e8504f85f40baf7688edb) Importer(2089858483,934ff659095e30574adcf32a4c2f97b5) Generated GUIDs only implemented for interfaces!
 -> (artifact id: 'bae03776a25b01862507c4d512610e27') in 0.032171 seconds 
========================================================================
Received Import Request.
  Time since last request: 0.000033 seconds.
  path: Assets/Textures/Particles/particle8x8.png
  artifactKey: Guid(7e877f93975f95d4093c737b2a660165) Importer(2089858483,934ff659095e30574adcf32a4c2f97b5)
Start importing Assets/Textures/Particles/particle8x8.png using Guid(7e877f93975f95d4093c737b2a660165) Importer(2089858483,934ff659095e30574adcf32a4c2f97b5) Generated GUIDs only implemented for interfaces!
 -> (artifact id: '1c286ccc3ec27f955f18eb1ba0e96f9d') in 0.163108 seconds 
========================================================================
Received Import Request.
  Time since last request: 0.000019 seconds.
  path: Assets/Light2D/SampleScenes/Materials/Brown.mat
  artifactKey: Guid(38ff263d1e75e074db1891427cb3fcde) Importer(2089858483,934ff659095e30574adcf32a4c2f97b5)
Start importing Assets/Light2D/SampleScenes/Materials/Brown.mat using Guid(38ff263d1e75e074db1891427cb3fcde) Importer(2089858483,934ff659095e30574adcf32a4c2f97b5) Generated GUIDs only implemented for interfaces!
 -> (artifact id: '6bb058b4858598ac96ab1cf8474fe4bc') in 0.011619 seconds 
========================================================================
Received Import Request.
  Time since last request: 0.000030 seconds.
  path: Assets/Scripts/Controllers/NPCController.cs
  artifactKey: Guid(dbfbacb7eafe9054a9d2caf15e2742c6) Importer(2089858483,934ff659095e30574adcf32a4c2f97b5)
Start importing Assets/Scripts/Controllers/NPCController.cs using Guid(dbfbacb7eafe9054a9d2caf15e2742c6) Importer(2089858483,934ff659095e30574adcf32a4c2f97b5) Generated GUIDs only implemented for interfaces!
 -> (artifact id: 'ee103c280121f753839ce69017f7a714') in 0.009126 seconds 
========================================================================
Received Import Request.
  Time since last request: 0.000043 seconds.
  path: Assets/Light2D/Resources/PlanerMaterialSolid.mat
  artifactKey: Guid(cc11c4462612f224d8ce9ca2d7b18217) Importer(2089858483,934ff659095e30574adcf32a4c2f97b5)
Start importing Assets/Light2D/Resources/PlanerMaterialSolid.mat using Guid(cc11c4462612f224d8ce9ca2d7b18217) Importer(2089858483,934ff659095e30574adcf32a4c2f97b5) Generated GUIDs only implemented for interfaces!
 -> (artifact id: 'b8beca17e852fe0a8fe083e9786543bd') in 0.010409 seconds 
========================================================================
Received Import Request.
  Time since last request: 0.000049 seconds.
  path: Assets/Light2D/SampleScenes/Scenes/SunnyDaySettings.lighting
  artifactKey: Guid(b5e64b78002c03b4e9504f4f3b0761e7) Importer(2089858483,934ff659095e30574adcf32a4c2f97b5)
Start importing Assets/Light2D/SampleScenes/Scenes/SunnyDaySettings.lighting using Guid(b5e64b78002c03b4e9504f4f3b0761e7) Importer(2089858483,934ff659095e30574adcf32a4c2f97b5) Generated GUIDs only implemented for interfaces!
 -> (artifact id: 'ae0e9d2eab5da972aa4bec13d4fcb6fd') in 0.013864 seconds 
========================================================================
Received Import Request.
  Time since last request: 0.000039 seconds.
  path: Assets/Necromancer GUI/controls/Label.tga
  artifactKey: Guid(591629b0b5ae7d44884c3dd6e3cac0c2) Importer(2089858483,934ff659095e30574adcf32a4c2f97b5)
Start importing Assets/Necromancer GUI/controls/Label.tga using Guid(591629b0b5ae7d44884c3dd6e3cac0c2) Importer(2089858483,934ff659095e30574adcf32a4c2f97b5) Generated GUIDs only implemented for interfaces!
 -> (artifact id: '55168cf65a62257415effdda9ef38038') in 0.006533 seconds 
========================================================================
Received Import Request.
  Time since last request: 0.000027 seconds.
  path: Assets/Scenes/RenderingTest.unity
  artifactKey: Guid(6238fd5de3fed6841b7bcab2ad43210c) Importer(2089858483,934ff659095e30574adcf32a4c2f97b5)
Start importing Assets/Scenes/RenderingTest.unity using Guid(6238fd5de3fed6841b7bcab2ad43210c) Importer(2089858483,934ff659095e30574adcf32a4c2f97b5) Generated GUIDs only implemented for interfaces!
 -> (artifact id: '1b1c84afe5566e9733feccb916f01972') in 0.007268 seconds 
========================================================================
Received Import Request.
  Time since last request: 0.000025 seconds.
  path: Assets/Light2D/SampleScenes/Scripts/DragRigidbody.js
  artifactKey: Guid(cae09c86ad1122e5d0006ac98d76c639) Importer(2089858483,934ff659095e30574adcf32a4c2f97b5)
Start importing Assets/Light2D/SampleScenes/Scripts/DragRigidbody.js using Guid(cae09c86ad1122e5d0006ac98d76c639) Importer(2089858483,934ff659095e30574adcf32a4c2f97b5) Generated GUIDs only implemented for interfaces!
 -> (artifact id: '6ede104bc38e37fa96d7c71c271a5a49') in 0.014823 seconds 
========================================================================
Received Import Request.
  Time since last request: 0.000029 seconds.
  path: Assets/Necromancer GUI/controls/RibbonRed.tga
  artifactKey: Guid(e84bbc87f25181542bdf768a140dad9f) Importer(2089858483,934ff659095e30574adcf32a4c2f97b5)
Start importing Assets/Necromancer GUI/controls/RibbonRed.tga using Guid(e84bbc87f25181542bdf768a140dad9f) Importer(2089858483,934ff659095e30574adcf32a4c2f97b5) Generated GUIDs only implemented for interfaces!
 -> (artifact id: 'c2036792c23e6239e5b06bfaeea2968b') in 0.006348 seconds 
========================================================================
Received Import Request.
  Time since last request: 0.000029 seconds.
  path: Assets/Textures/Tiles/tiles.png
  artifactKey: Guid(42b39f1f1221cf3498ff9020a88120a2) Importer(2089858483,934ff659095e30574adcf32a4c2f97b5)
Start importing Assets/Textures/Tiles/tiles.png using Guid(42b39f1f1221cf3498ff9020a88120a2) Importer(2089858483,934ff659095e30574adcf32a4c2f97b5) Generated GUIDs only implemented for interfaces!
 -> (artifact id: '019ad0dba1f9004e65d58ad7e828b347') in 0.017638 seconds 
========================================================================
Received Import Request.
  Time since last request: 0.000028 seconds.
  path: Assets/Textures/Tiles/Materials/ItemSprites.mat
  artifactKey: Guid(82777f2bdeb5d0f408ce93cf2dfc39fc) Importer(2089858483,934ff659095e30574adcf32a4c2f97b5)
Start importing Assets/Textures/Tiles/Materials/ItemSprites.mat using Guid(82777f2bdeb5d0f408ce93cf2dfc39fc) Importer(2089858483,934ff659095e30574adcf32a4c2f97b5) Generated GUIDs only implemented for interfaces!
 -> (artifact id: 'b97a52f99c8dbab453890c5630133733') in 0.007262 seconds 
========================================================================
Received Import Request.
  Time since last request: 0.000050 seconds.
  path: Assets/Necromancer GUI/controls/TextFieldSelect.tga
  artifactKey: Guid(2aeabbc12bbcbe64b8c26b532eb0fc92) Importer(2089858483,934ff659095e30574adcf32a4c2f97b5)
Start importing Assets/Necromancer GUI/controls/TextFieldSelect.tga using Guid(2aeabbc12bbcbe64b8c26b532eb0fc92) Importer(2089858483,934ff659095e30574adcf32a4c2f97b5) Generated GUIDs only implemented for interfaces!
 -> (artifact id: '59a25e2dad4c0eede3969548f7e45936') in 0.008064 seconds 
========================================================================
Received Import Request.
  Time since last request: 0.000027 seconds.
  path: Assets/Necromancer GUI/controls/buttonOver.tga
  artifactKey: Guid(c48b517c252b9ce4199227717b7c0082) Importer(2089858483,934ff659095e30574adcf32a4c2f97b5)
Start importing Assets/Necromancer GUI/controls/buttonOver.tga using Guid(c48b517c252b9ce4199227717b7c0082) Importer(2089858483,934ff659095e30574adcf32a4c2f97b5) Generated GUIDs only implemented for interfaces!
 -> (artifact id: '2be01bcae11d89e394e73a55bcca7a9d') in 0.009277 seconds 
========================================================================
Received Import Request.
  Time since last request: 0.000027 seconds.
  path: Assets/Light2D/SampleScenes/Scripts/RotateObject.cs
  artifactKey: Guid(972ac5741260c4446b43cb72588eb84f) Importer(2089858483,934ff659095e30574adcf32a4c2f97b5)
Start importing Assets/Light2D/SampleScenes/Scripts/RotateObject.cs using Guid(972ac5741260c4446b43cb72588eb84f) Importer(2089858483,934ff659095e30574adcf32a4c2f97b5) Generated GUIDs only implemented for interfaces!
 -> (artifact id: '6813e0e32d37cc5c276c22336915a99d') in 0.005526 seconds 
========================================================================
Received Import Request.
  Time since last request: 0.000029 seconds.
  path: Assets/Scripts/Entities/Actors/Player.cs
  artifactKey: Guid(6d582e1d98571ca4490bf8a35d14493c) Importer(2089858483,934ff659095e30574adcf32a4c2f97b5)
Start importing Assets/Scripts/Entities/Actors/Player.cs using Guid(6d582e1d98571ca4490bf8a35d14493c) Importer(2089858483,934ff659095e30574adcf32a4c2f97b5) Generated GUIDs only implemented for interfaces!
 -> (artifact id: '20bc5dde638699344e27dc7fbd931009') in 0.008014 seconds 
========================================================================
Received Import Request.
  Time since last request: 0.000021 seconds.
  path: Assets/Scenes/MainMenu.unity
  artifactKey: Guid(092d60f548da64d4db855b032d0a580f) Importer(2089858483,934ff659095e30574adcf32a4c2f97b5)
Start importing Assets/Scenes/MainMenu.unity using Guid(092d60f548da64d4db855b032d0a580f) Importer(2089858483,934ff659095e30574adcf32a4c2f97b5) Generated GUIDs only implemented for interfaces!
 -> (artifact id: '6237731e0b6e96f82aaf45f4e7681b28') in 0.007343 seconds 
========================================================================
Received Import Request.
  Time since last request: 0.000029 seconds.
  path: Assets/Textures/Tiles/fov_tiles.gif
  artifactKey: Guid(3ffe38d5415e7a548b43184aa04d12e1) Importer(2089858483,934ff659095e30574adcf32a4c2f97b5)
Start importing Assets/Textures/Tiles/fov_tiles.gif using Guid(3ffe38d5415e7a548b43184aa04d12e1) Importer(2089858483,934ff659095e30574adcf32a4c2f97b5) Generated GUIDs only implemented for interfaces!
 -> (artifact id: 'b156812002e538d3c3a638fd9fe106a6') in 0.026425 seconds 
========================================================================
Received Import Request.
  Time since last request: 0.000036 seconds.
  path: Assets/Light2D/SampleScenes/Scenes/EventTest.unity
  artifactKey: Guid(55916c688faae6345aef6b1d2a6f8b7e) Importer(2089858483,934ff659095e30574adcf32a4c2f97b5)
Start importing Assets/Light2D/SampleScenes/Scenes/EventTest.unity using Guid(55916c688faae6345aef6b1d2a6f8b7e) Importer(2089858483,934ff659095e30574adcf32a4c2f97b5) Generated GUIDs only implemented for interfaces!
 -> (artifact id: '099ad9185c05f2868b57b8758805cae0') in 0.006708 seconds 
========================================================================
Received Import Request.
  Time since last request: 0.000028 seconds.
  path: Assets/Scripts/Entities/Items/Scroll.cs
  artifactKey: Guid(f135137c2edc0034aa55309bf4f95d74) Importer(2089858483,934ff659095e30574adcf32a4c2f97b5)
Start importing Assets/Scripts/Entities/Items/Scroll.cs using Guid(f135137c2edc0034aa55309bf4f95d74) Importer(2089858483,934ff659095e30574adcf32a4c2f97b5) Generated GUIDs only implemented for interfaces!
 -> (artifact id: '52b004ed3c64c893f79c9c8229756067') in 0.007731 seconds 
========================================================================
Received Import Request.
  Time since last request: 0.000030 seconds.
  path: Assets/Scripts/Entities/Items/Stairs.cs
  artifactKey: Guid(3229d6cedf7a1304c8ec96a9bd2d26ad) Importer(2089858483,934ff659095e30574adcf32a4c2f97b5)
Start importing Assets/Scripts/Entities/Items/Stairs.cs using Guid(3229d6cedf7a1304c8ec96a9bd2d26ad) Importer(2089858483,934ff659095e30574adcf32a4c2f97b5) Generated GUIDs only implemented for interfaces!
 -> (artifact id: '41a881fa43ed35ba324cd22733ea2bb9') in 0.005350 seconds 
========================================================================
Received Import Request.
  Time since last request: 0.000025 seconds.
  path: Assets/Scenes/tommeTest.unity
  artifactKey: Guid(039c8b00781b20c48849016ebffca6be) Importer(2089858483,934ff659095e30574adcf32a4c2f97b5)
Start importing Assets/Scenes/tommeTest.unity using Guid(039c8b00781b20c48849016ebffca6be) Importer(2089858483,934ff659095e30574adcf32a4c2f97b5) Generated GUIDs only implemented for interfaces!
 -> (artifact id: '4e66daa3901808ac5d52477bd9062cdd') in 0.008024 seconds 
========================================================================
Received Import Request.
  Time since last request: 0.000022 seconds.
  path: Assets/Light2D/Resources/GradientMaterial.mat
  artifactKey: Guid(9a34a8ef9be754c48997b0a2a2b31117) Importer(2089858483,934ff659095e30574adcf32a4c2f97b5)
Start importing Assets/Light2D/Resources/GradientMaterial.mat using Guid(9a34a8ef9be754c48997b0a2a2b31117) Importer(2089858483,934ff659095e30574adcf32a4c2f97b5) Generated GUIDs only implemented for interfaces!
 -> (artifact id: 'c81143647fbee890db01229141a543c3') in 0.010192 seconds 
========================================================================
Received Import Request.
  Time since last request: 0.000072 seconds.
  path: Assets/Scripts/Entities/Actors/Actor.cs
  artifactKey: Guid(94febf0077300e3489c836f9dafb5a5c) Importer(2089858483,934ff659095e30574adcf32a4c2f97b5)
Start importing Assets/Scripts/Entities/Actors/Actor.cs using Guid(94febf0077300e3489c836f9dafb5a5c) Importer(2089858483,934ff659095e30574adcf32a4c2f97b5) Generated GUIDs only implemented for interfaces!
 -> (artifact id: 'e12dc0898c264a972e14e9431ef60573') in 0.006326 seconds 
========================================================================
Received Import Request.
  Time since last request: 0.000081 seconds.
  path: Assets/Necromancer GUI/controls/spike.tga
  artifactKey: Guid(e2fc8788b2abb29489de4ad5199f4698) Importer(2089858483,934ff659095e30574adcf32a4c2f97b5)
Start importing Assets/Necromancer GUI/controls/spike.tga using Guid(e2fc8788b2abb29489de4ad5199f4698) Importer(2089858483,934ff659095e30574adcf32a4c2f97b5) Generated GUIDs only implemented for interfaces!
 -> (artifact id: 'a903033ecd57cca3938c65f4f030d24a') in 0.008090 seconds 
========================================================================
Received Import Request.
  Time since last request: 0.000053 seconds.
  path: Assets/Necromancer GUI/controls/TextFieldNormal.tga
  artifactKey: Guid(d92f4e169f497844b9c4da3bf9013f4e) Importer(2089858483,934ff659095e30574adcf32a4c2f97b5)
Start importing Assets/Necromancer GUI/controls/TextFieldNormal.tga using Guid(d92f4e169f497844b9c4da3bf9013f4e) Importer(2089858483,934ff659095e30574adcf32a4c2f97b5) Generated GUIDs only implemented for interfaces!
 -> (artifact id: '9b67fc8b04ae050667f76becf7ed82f1') in 0.007008 seconds 
========================================================================
Received Import Request.
  Time since last request: 0.000022 seconds.
  path: Assets/Light2D/Core/Editor/Light2DMenu.cs
  artifactKey: Guid(11789de5f7d36794396eb4ff3f995b58) Importer(2089858483,934ff659095e30574adcf32a4c2f97b5)
Start importing Assets/Light2D/Core/Editor/Light2DMenu.cs using Guid(11789de5f7d36794396eb4ff3f995b58) Importer(2089858483,934ff659095e30574adcf32a4c2f97b5) Generated GUIDs only implemented for interfaces!
 -> (artifact id: 'e09e2e83a935338d36fe2e9b57e683d9') in 0.008300 seconds 
========================================================================
Received Import Request.
  Time since last request: 0.000026 seconds.
  path: Assets/Scripts/Level/DungeonVariables.cs
  artifactKey: Guid(a9ab72ba601ea7348b38ced32c2ce47e) Importer(2089858483,934ff659095e30574adcf32a4c2f97b5)
Start importing Assets/Scripts/Level/DungeonVariables.cs using Guid(a9ab72ba601ea7348b38ced32c2ce47e) Importer(2089858483,934ff659095e30574adcf32a4c2f97b5) Generated GUIDs only implemented for interfaces!
 -> (artifact id: '782ab4f9908370ade1c371964e3e544d') in 0.006430 seconds 
========================================================================
Received Import Request.
  Time since last request: 0.000024 seconds.
  path: Assets/Prefabs/Testing/Items/Weapons/Sword.prefab
  artifactKey: Guid(4f65e66a2d4de96448fbebcfe54d4d89) Importer(2089858483,934ff659095e30574adcf32a4c2f97b5)
Start importing Assets/Prefabs/Testing/Items/Weapons/Sword.prefab using Guid(4f65e66a2d4de96448fbebcfe54d4d89) Importer(2089858483,934ff659095e30574adcf32a4c2f97b5) Generated GUIDs only implemented for interfaces!
 -> (artifact id: '9d5ae5e028971578145dd1e60eb08219') in 0.024333 seconds 
========================================================================
Received Import Request.
  Time since last request: 0.000043 seconds.
  path: Assets/Prefabs/Testing/Items/Potions/Health Potion.prefab
  artifactKey: Guid(424a60dc5a18ee442a50adf99745c464) Importer(2089858483,934ff659095e30574adcf32a4c2f97b5)
Start importing Assets/Prefabs/Testing/Items/Potions/Health Potion.prefab using Guid(424a60dc5a18ee442a50adf99745c464) Importer(2089858483,934ff659095e30574adcf32a4c2f97b5) Generated GUIDs only implemented for interfaces!
 -> (artifact id: '15dd7b85891f327c3239560d464c9454') in 0.009051 seconds 
========================================================================
Received Import Request.
  Time since last request: 0.000028 seconds.
  path: Assets/Scripts/Level/LevelGen/TDMap.cs
  artifactKey: Guid(f78bc5c2b6417e749b41bec16f1e570e) Importer(2089858483,934ff659095e30574adcf32a4c2f97b5)
Start importing Assets/Scripts/Level/LevelGen/TDMap.cs using Guid(f78bc5c2b6417e749b41bec16f1e570e) Importer(2089858483,934ff659095e30574adcf32a4c2f97b5) Generated GUIDs only implemented for interfaces!
 -> (artifact id: 'e6c2360188ea230d9453a30da1991cd9') in 0.007004 seconds 
========================================================================
Received Import Request.
  Time since last request: 0.000045 seconds.
  path: Assets/Necromancer GUI/Readme.txt
  artifactKey: Guid(6a01ef2a1759ebc44879546c83313766) Importer(2089858483,934ff659095e30574adcf32a4c2f97b5)
Start importing Assets/Necromancer GUI/Readme.txt using Guid(6a01ef2a1759ebc44879546c83313766) Importer(2089858483,934ff659095e30574adcf32a4c2f97b5) Generated GUIDs only implemented for interfaces!
 -> (artifact id: 'b2bec3c4499095396678e20fae646c01') in 0.030288 seconds 
========================================================================
Received Import Request.
  Time since last request: 0.000028 seconds.
  path: Assets/Scripts/Other/Unused/CameraMovement.cs
  artifactKey: Guid(0e10e78a055de0f469052474ffafff01) Importer(2089858483,934ff659095e30574adcf32a4c2f97b5)
Start importing Assets/Scripts/Other/Unused/CameraMovement.cs using Guid(0e10e78a055de0f469052474ffafff01) Importer(2089858483,934ff659095e30574adcf32a4c2f97b5) Generated GUIDs only implemented for interfaces!
 -> (artifact id: '779512d8554141d49a51ade93d3fac5f') in 0.008120 seconds 
========================================================================
Received Import Request.
  Time since last request: 0.000029 seconds.
  path: Assets/Scenes/testscene.unity
  artifactKey: Guid(6ee7847ff4efb304e8d0313d71fb274a) Importer(2089858483,934ff659095e30574adcf32a4c2f97b5)
Start importing Assets/Scenes/testscene.unity using Guid(6ee7847ff4efb304e8d0313d71fb274a) Importer(2089858483,934ff659095e30574adcf32a4c2f97b5) Generated GUIDs only implemented for interfaces!
 -> (artifact id: 'e25d991c9c9358a4e2314f345143dbad') in 0.006777 seconds 
========================================================================
Received Import Request.
  Time since last request: 0.000028 seconds.
  path: Assets/Light2D/Core/Light2DEmitter.cs
  artifactKey: Guid(6318398eef0fde64e9430a4582e25dc5) Importer(2089858483,934ff659095e30574adcf32a4c2f97b5)
Start importing Assets/Light2D/Core/Light2DEmitter.cs using Guid(6318398eef0fde64e9430a4582e25dc5) Importer(2089858483,934ff659095e30574adcf32a4c2f97b5) Generated GUIDs only implemented for interfaces!
 -> (artifact id: '115fcb9a12e1fd6988e3f19149ba7e68') in 0.007698 seconds 
========================================================================
Received Import Request.
  Time since last request: 0.000041 seconds.
  path: Assets/Light2D/Resources/Burst.png
  artifactKey: Guid(cb8ab6fdb0fae0343adc70ea91137700) Importer(2089858483,934ff659095e30574adcf32a4c2f97b5)
Start importing Assets/Light2D/Resources/Burst.png using Guid(cb8ab6fdb0fae0343adc70ea91137700) Importer(2089858483,934ff659095e30574adcf32a4c2f97b5) Generated GUIDs only implemented for interfaces!
 -> (artifact id: '0f103bc1a00bc67c72f0ad4a4a3ab7f4') in 0.016082 seconds 
========================================================================
Received Import Request.
  Time since last request: 0.000022 seconds.
  path: Assets/Fonts/pf_ronda_seven.ttf
  artifactKey: Guid(12af13ef254613c4a896d35d30fc65d6) Importer(2089858483,934ff659095e30574adcf32a4c2f97b5)
Start importing Assets/Fonts/pf_ronda_seven.ttf using Guid(12af13ef254613c4a896d35d30fc65d6) Importer(2089858483,934ff659095e30574adcf32a4c2f97b5) Generated GUIDs only implemented for interfaces!
 -> (artifact id: '9eda48d641ea9238fd63e02e2c8c5079') in 0.025757 seconds 
========================================================================
Received Import Request.
  Time since last request: 0.000019 seconds.
  path: Assets/Textures/GUI Skins/GUISkin.guiskin
  artifactKey: Guid(44ebc16976892264ab14e653291ccd5b) Importer(2089858483,934ff659095e30574adcf32a4c2f97b5)
Start importing Assets/Textures/GUI Skins/GUISkin.guiskin using Guid(44ebc16976892264ab14e653291ccd5b) Importer(2089858483,934ff659095e30574adcf32a4c2f97b5) Generated GUIDs only implemented for interfaces!
 -> (artifact id: 'ea9d56f59b85d1738643b110213eef9c') in 0.034421 seconds 
========================================================================
Received Import Request.
  Time since last request: 0.000034 seconds.
  path: Assets/Necromancer GUI/controls/Kingthings_Calligraphica_Light.ttf
  artifactKey: Guid(3ce4961425d650e42a4222d73f437545) Importer(2089858483,934ff659095e30574adcf32a4c2f97b5)
Start importing Assets/Necromancer GUI/controls/Kingthings_Calligraphica_Light.ttf using Guid(3ce4961425d650e42a4222d73f437545) Importer(2089858483,934ff659095e30574adcf32a4c2f97b5) Generated GUIDs only implemented for interfaces!
 -> (artifact id: '6c188f208639d63f52a932158aae4b69') in 0.009567 seconds 
========================================================================
Received Import Request.
  Time since last request: 0.000044 seconds.
  path: Assets/Necromancer GUI/controls/GoldLeaf.tga
  artifactKey: Guid(81c9c3047c880fe4f8867e7f50c0df29) Importer(2089858483,934ff659095e30574adcf32a4c2f97b5)
Start importing Assets/Necromancer GUI/controls/GoldLeaf.tga using Guid(81c9c3047c880fe4f8867e7f50c0df29) Importer(2089858483,934ff659095e30574adcf32a4c2f97b5) Generated GUIDs only implemented for interfaces!
 -> (artifact id: '975958e2047c2289fc37bca8958ea8a7') in 0.006634 seconds 
========================================================================
Received Import Request.
  Time since last request: 0.000055 seconds.
  path: Assets/Materials/FrogMat.mat
  artifactKey: Guid(3d989a696bdc285468bc59a2c3b63548) Importer(2089858483,934ff659095e30574adcf32a4c2f97b5)
Start importing Assets/Materials/FrogMat.mat using Guid(3d989a696bdc285468bc59a2c3b63548) Importer(2089858483,934ff659095e30574adcf32a4c2f97b5) Generated GUIDs only implemented for interfaces!
 -> (artifact id: 'db9851b8688a90d89b8f8025001bf061') in 0.010334 seconds 
========================================================================
Received Import Request.
  Time since last request: 0.000050 seconds.
  path: Assets/Necromancer GUI/controls/window.tga
  artifactKey: Guid(c357b906baf44924e83e86c046ca94ff) Importer(2089858483,934ff659095e30574adcf32a4c2f97b5)
Start importing Assets/Necromancer GUI/controls/window.tga using Guid(c357b906baf44924e83e86c046ca94ff) Importer(2089858483,934ff659095e30574adcf32a4c2f97b5) Generated GUIDs only implemented for interfaces!
 -> (artifact id: 'acc53d04f5c0dac53f51aea2a25e54ca') in 0.009544 seconds 
========================================================================
Received Import Request.
  Time since last request: 0.000028 seconds.
  path: Assets/Materials/Dungeon.mat
  artifactKey: Guid(4f7b94d4b8205694a80cdbfc6f4b0a26) Importer(2089858483,934ff659095e30574adcf32a4c2f97b5)
Start importing Assets/Materials/Dungeon.mat using Guid(4f7b94d4b8205694a80cdbfc6f4b0a26) Importer(2089858483,934ff659095e30574adcf32a4c2f97b5) Generated GUIDs only implemented for interfaces!
 -> (artifact id: 'cc5effdb8e4f547ce02144ab46ab5e62') in 0.006790 seconds 
========================================================================
Received Prepare
Registering precompiled user dll's ...
Registered in 0.007123 seconds.
Begin MonoManager ReloadAssembly
Symbol file LoadedFromMemory doesn't match image C:\dev\Polandcrawl\Library\PackageCache\com.unity.visualscripting@1.7.2\Editor\VisualScripting.Core\Dependencies\YamlDotNet\Unity.VisualScripting.YamlDotNet.dll
Symbol file LoadedFromMemory doesn't match image C:\dev\Polandcrawl\Library\PackageCache\com.unity.visualscripting@1.7.2\Editor\VisualScripting.Core\Dependencies\DotNetZip\Unity.VisualScripting.IonicZip.dll
Native extension for WindowsStandalone target not found
Refreshing native plugins compatible for Editor in 1.47 ms, found 3 plugins.
Preloading 0 native plugins for Editor in 0.00 ms.
Mono: successfully reloaded assembly
- Completed reload, in  2.256 seconds
Domain Reload Profiling:
	ReloadAssembly (2342ms)
		BeginReloadAssembly (260ms)
			ExecutionOrderSort (0ms)
			DisableScriptedObjects (8ms)
			BackupInstance (0ms)
			ReleaseScriptingObjects (0ms)
			CreateAndSetChildDomain (77ms)
		EndReloadAssembly (1861ms)
			LoadAssemblies (171ms)
			RebuildTransferFunctionScriptingTraits (0ms)
			SetupTypeCache (696ms)
			ReleaseScriptCaches (2ms)
			RebuildScriptCaches (60ms)
			SetupLoadedEditorAssemblies (637ms)
				LogAssemblyErrors (0ms)
				InitializePlatformSupportModulesInManaged (24ms)
				SetLoadedEditorAssemblies (1ms)
				RefreshPlugins (2ms)
				BeforeProcessingInitializeOnLoad (116ms)
				ProcessInitializeOnLoadAttributes (448ms)
				ProcessInitializeOnLoadMethodAttributes (34ms)
				AfterProcessingInitializeOnLoad (12ms)
				EditorAssembliesLoaded (0ms)
			ExecutionOrderSort2 (0ms)
			AwakeInstancesAfterBackupRestoration (14ms)
Platform modules already initialized, skipping
Refreshing native plugins compatible for Editor in 0.77 ms, found 3 plugins.
Preloading 0 native plugins for Editor in 0.00 ms.
Unloading 3030 Unused Serialized files (Serialized files now loaded: 0)
Unloading 15 unused Assets / (24.6 KB). Loaded Objects now: 3502.
Memory consumption went from 111.4 MB to 111.4 MB.
Total: 4.446300 ms (FindLiveObjects: 0.469800 ms CreateObjectMapping: 0.517900 ms MarkObjects: 3.417900 ms  DeleteObjects: 0.039300 ms)

AssetImportParameters requested are different than current active one (requested -> active):
  custom:framework-win-MediaFoundation: 216162199b28c13a410421893ffa2e32 -> 
  custom:video-decoder-ogg-theora: a1e56fd34408186e4bbccfd4996cb3dc -> 
  custom:container-muxer-webm: aa71ff27fc2769a1b78a27578f13a17b -> 
  custom:container-demuxer-webm: 4f35f7cbe854078d1ac9338744f61a02 -> 
  custom:video-encoder-webm-vp8: eb34c28f22e8b96e1ab97ce403110664 -> 
  custom:video-codec-MediaFoundation-h265: 746d11721c4dcdbdad8f713fa42b33f4 -> 
  custom:container-demuxer-ogg: 62fdf1f143b41e24485cea50d1cbac27 -> 
  custom:audio-decoder-ogg-vorbis: bf7c407c2cedff20999df2af8eb42d56 -> 
  custom:video-decoder-webm-vp8: 9c59270c3fd7afecdb556c50c9e8de78 -> 
  custom:audio-encoder-webm-vorbis: bf7c407c2cedff20999df2af8eb42d56 -> 
========================================================================
Received Prepare
Registering precompiled user dll's ...
Registered in 0.005587 seconds.
Begin MonoManager ReloadAssembly
Symbol file LoadedFromMemory doesn't match image C:\dev\Polandcrawl\Library\PackageCache\com.unity.visualscripting@1.7.2\Editor\VisualScripting.Core\Dependencies\YamlDotNet\Unity.VisualScripting.YamlDotNet.dll
Symbol file LoadedFromMemory doesn't match image C:\dev\Polandcrawl\Library\PackageCache\com.unity.visualscripting@1.7.2\Editor\VisualScripting.Core\Dependencies\DotNetZip\Unity.VisualScripting.IonicZip.dll
Native extension for WindowsStandalone target not found
Refreshing native plugins compatible for Editor in 1.41 ms, found 3 plugins.
Preloading 0 native plugins for Editor in 0.00 ms.
Mono: successfully reloaded assembly
- Completed reload, in  2.330 seconds
Domain Reload Profiling:
	ReloadAssembly (2430ms)
		BeginReloadAssembly (239ms)
			ExecutionOrderSort (0ms)
			DisableScriptedObjects (8ms)
			BackupInstance (0ms)
			ReleaseScriptingObjects (0ms)
			CreateAndSetChildDomain (67ms)
		EndReloadAssembly (2017ms)
			LoadAssemblies (138ms)
			RebuildTransferFunctionScriptingTraits (0ms)
			SetupTypeCache (746ms)
			ReleaseScriptCaches (2ms)
			RebuildScriptCaches (64ms)
			SetupLoadedEditorAssemblies (569ms)
				LogAssemblyErrors (0ms)
				InitializePlatformSupportModulesInManaged (22ms)
				SetLoadedEditorAssemblies (1ms)
				RefreshPlugins (2ms)
				BeforeProcessingInitializeOnLoad (106ms)
				ProcessInitializeOnLoadAttributes (403ms)
				ProcessInitializeOnLoadMethodAttributes (24ms)
				AfterProcessingInitializeOnLoad (12ms)
				EditorAssembliesLoaded (0ms)
			ExecutionOrderSort2 (0ms)
			AwakeInstancesAfterBackupRestoration (13ms)
Platform modules already initialized, skipping
Refreshing native plugins compatible for Editor in 0.75 ms, found 3 plugins.
Preloading 0 native plugins for Editor in 0.00 ms.
Unloading 3030 Unused Serialized files (Serialized files now loaded: 0)
Unloading 15 unused Assets / (24.5 KB). Loaded Objects now: 3504.
Memory consumption went from 111.4 MB to 111.4 MB.
Total: 4.017000 ms (FindLiveObjects: 0.251000 ms CreateObjectMapping: 0.168400 ms MarkObjects: 3.542900 ms  DeleteObjects: 0.053500 ms)

AssetImportParameters requested are different than current active one (requested -> active):
  custom:framework-win-MediaFoundation: 216162199b28c13a410421893ffa2e32 -> 
  custom:video-decoder-ogg-theora: a1e56fd34408186e4bbccfd4996cb3dc -> 
  custom:container-muxer-webm: aa71ff27fc2769a1b78a27578f13a17b -> 
  custom:container-demuxer-webm: 4f35f7cbe854078d1ac9338744f61a02 -> 
  custom:video-encoder-webm-vp8: eb34c28f22e8b96e1ab97ce403110664 -> 
  custom:video-codec-MediaFoundation-h265: 746d11721c4dcdbdad8f713fa42b33f4 -> 
  custom:container-demuxer-ogg: 62fdf1f143b41e24485cea50d1cbac27 -> 
  custom:audio-decoder-ogg-vorbis: bf7c407c2cedff20999df2af8eb42d56 -> 
  custom:video-decoder-webm-vp8: 9c59270c3fd7afecdb556c50c9e8de78 -> 
  custom:audio-encoder-webm-vorbis: bf7c407c2cedff20999df2af8eb42d56 -> 
========================================================================
Received Prepare
Registering precompiled user dll's ...
Registered in 0.006086 seconds.
Begin MonoManager ReloadAssembly
Symbol file LoadedFromMemory doesn't match image C:\dev\Polandcrawl\Library\PackageCache\com.unity.visualscripting@1.7.2\Editor\VisualScripting.Core\Dependencies\YamlDotNet\Unity.VisualScripting.YamlDotNet.dll
Symbol file LoadedFromMemory doesn't match image C:\dev\Polandcrawl\Library\PackageCache\com.unity.visualscripting@1.7.2\Editor\VisualScripting.Core\Dependencies\DotNetZip\Unity.VisualScripting.IonicZip.dll
Native extension for WindowsStandalone target not found
Refreshing native plugins compatible for Editor in 0.88 ms, found 3 plugins.
Preloading 0 native plugins for Editor in 0.00 ms.
Mono: successfully reloaded assembly
- Completed reload, in  1.927 seconds
Domain Reload Profiling:
	ReloadAssembly (2011ms)
		BeginReloadAssembly (212ms)
			ExecutionOrderSort (0ms)
			DisableScriptedObjects (6ms)
			BackupInstance (0ms)
			ReleaseScriptingObjects (0ms)
			CreateAndSetChildDomain (60ms)
		EndReloadAssembly (1630ms)
			LoadAssemblies (124ms)
			RebuildTransferFunctionScriptingTraits (0ms)
			SetupTypeCache (675ms)
			ReleaseScriptCaches (2ms)
			RebuildScriptCaches (62ms)
			SetupLoadedEditorAssemblies (500ms)
				LogAssemblyErrors (0ms)
				InitializePlatformSupportModulesInManaged (20ms)
				SetLoadedEditorAssemblies (1ms)
				RefreshPlugins (1ms)
				BeforeProcessingInitializeOnLoad (94ms)
				ProcessInitializeOnLoadAttributes (347ms)
				ProcessInitializeOnLoadMethodAttributes (26ms)
				AfterProcessingInitializeOnLoad (11ms)
				EditorAssembliesLoaded (0ms)
			ExecutionOrderSort2 (0ms)
			AwakeInstancesAfterBackupRestoration (12ms)
Platform modules already initialized, skipping
Refreshing native plugins compatible for Editor in 1.67 ms, found 3 plugins.
Preloading 0 native plugins for Editor in 0.00 ms.
Unloading 3030 Unused Serialized files (Serialized files now loaded: 0)
Unloading 15 unused Assets / (24.6 KB). Loaded Objects now: 3506.
Memory consumption went from 111.4 MB to 111.4 MB.
Total: 4.970600 ms (FindLiveObjects: 0.327100 ms CreateObjectMapping: 0.189100 ms MarkObjects: 4.415700 ms  DeleteObjects: 0.037500 ms)

AssetImportParameters requested are different than current active one (requested -> active):
  custom:framework-win-MediaFoundation: 216162199b28c13a410421893ffa2e32 -> 
  custom:video-decoder-ogg-theora: a1e56fd34408186e4bbccfd4996cb3dc -> 
  custom:container-muxer-webm: aa71ff27fc2769a1b78a27578f13a17b -> 
  custom:container-demuxer-webm: 4f35f7cbe854078d1ac9338744f61a02 -> 
  custom:video-encoder-webm-vp8: eb34c28f22e8b96e1ab97ce403110664 -> 
  custom:video-codec-MediaFoundation-h265: 746d11721c4dcdbdad8f713fa42b33f4 -> 
  custom:container-demuxer-ogg: 62fdf1f143b41e24485cea50d1cbac27 -> 
  custom:audio-decoder-ogg-vorbis: bf7c407c2cedff20999df2af8eb42d56 -> 
  custom:video-decoder-webm-vp8: 9c59270c3fd7afecdb556c50c9e8de78 -> 
  custom:audio-encoder-webm-vorbis: bf7c407c2cedff20999df2af8eb42d56 -> 
========================================================================
Received Prepare
Registering precompiled user dll's ...
Registered in 0.005208 seconds.
Begin MonoManager ReloadAssembly
Symbol file LoadedFromMemory doesn't match image C:\dev\Polandcrawl\Library\PackageCache\com.unity.visualscripting@1.7.2\Editor\VisualScripting.Core\Dependencies\YamlDotNet\Unity.VisualScripting.YamlDotNet.dll
Symbol file LoadedFromMemory doesn't match image C:\dev\Polandcrawl\Library\PackageCache\com.unity.visualscripting@1.7.2\Editor\VisualScripting.Core\Dependencies\DotNetZip\Unity.VisualScripting.IonicZip.dll
Native extension for WindowsStandalone target not found
Refreshing native plugins compatible for Editor in 0.88 ms, found 3 plugins.
Preloading 0 native plugins for Editor in 0.00 ms.
Mono: successfully reloaded assembly
- Completed reload, in  2.291 seconds
Domain Reload Profiling:
	ReloadAssembly (2394ms)
		BeginReloadAssembly (229ms)
			ExecutionOrderSort (0ms)
			DisableScriptedObjects (9ms)
			BackupInstance (0ms)
			ReleaseScriptingObjects (0ms)
			CreateAndSetChildDomain (64ms)
		EndReloadAssembly (1971ms)
			LoadAssemblies (140ms)
			RebuildTransferFunctionScriptingTraits (0ms)
			SetupTypeCache (795ms)
			ReleaseScriptCaches (1ms)
			RebuildScriptCaches (65ms)
			SetupLoadedEditorAssemblies (623ms)
				LogAssemblyErrors (0ms)
				InitializePlatformSupportModulesInManaged (23ms)
				SetLoadedEditorAssemblies (1ms)
				RefreshPlugins (1ms)
				BeforeProcessingInitializeOnLoad (115ms)
				ProcessInitializeOnLoadAttributes (440ms)
				ProcessInitializeOnLoadMethodAttributes (31ms)
				AfterProcessingInitializeOnLoad (13ms)
				EditorAssembliesLoaded (0ms)
			ExecutionOrderSort2 (0ms)
			AwakeInstancesAfterBackupRestoration (16ms)
Platform modules already initialized, skipping
Refreshing native plugins compatible for Editor in 0.93 ms, found 3 plugins.
Preloading 0 native plugins for Editor in 0.00 ms.
Unloading 3030 Unused Serialized files (Serialized files now loaded: 0)
Unloading 15 unused Assets / (24.6 KB). Loaded Objects now: 3508.
Memory consumption went from 111.4 MB to 111.4 MB.
Total: 3.961400 ms (FindLiveObjects: 0.293300 ms CreateObjectMapping: 0.208800 ms MarkObjects: 3.426200 ms  DeleteObjects: 0.031700 ms)

AssetImportParameters requested are different than current active one (requested -> active):
  custom:framework-win-MediaFoundation: 216162199b28c13a410421893ffa2e32 -> 
  custom:video-decoder-ogg-theora: a1e56fd34408186e4bbccfd4996cb3dc -> 
  custom:container-muxer-webm: aa71ff27fc2769a1b78a27578f13a17b -> 
  custom:container-demuxer-webm: 4f35f7cbe854078d1ac9338744f61a02 -> 
  custom:video-encoder-webm-vp8: eb34c28f22e8b96e1ab97ce403110664 -> 
  custom:video-codec-MediaFoundation-h265: 746d11721c4dcdbdad8f713fa42b33f4 -> 
  custom:container-demuxer-ogg: 62fdf1f143b41e24485cea50d1cbac27 -> 
  custom:audio-decoder-ogg-vorbis: bf7c407c2cedff20999df2af8eb42d56 -> 
  custom:video-decoder-webm-vp8: 9c59270c3fd7afecdb556c50c9e8de78 -> 
  custom:audio-encoder-webm-vorbis: bf7c407c2cedff20999df2af8eb42d56 -> 
Editor requested this worker to shutdown with reason: Scaling down because of idle timeout
AssetImportWorker is now disconnected from the server
Process exiting
Exiting without the bug reporter. Application will terminate with return code 0